<?xml version="1.0" encoding="UTF-8"?>
<!-- Generated by org.testng.reporters.JUnitXMLReporter -->
<testsuite ignored="0" hostname="DESKTOP-L4RAUT4" failures="0" tests="14" name="Test" time="25.396" errors="0" timestamp="2024-12-21T00:01:56 IST">
  <testcase classname="api.test.PetTests" name="testAddNewPet" time="3.359"/>
  <testcase classname="api.test.PetTests" name="testUpdatePet" time="1.134"/>
  <testcase classname="api.test.PetTests" name="testDeletePet" time="1.112"/>
  <testcase classname="api.test.PetTests" name="testUpdatePetByForm" time="4.525"/>
  <testcase classname="api.test.PetTests" name="testGetExistingPet_validId" time="1.12"/>
  <testcase classname="api.test.PetTests" name="testGetExistingPet_InvalidId" time="1.102"/>
  <testcase classname="api.test.StoreTests" name="testOrderPet" time="1.137"/>
  <testcase classname="api.test.StoreTests" name="testDeleteOrder" time="1.123"/>
  <testcase classname="api.test.StoreTests" name="testGetOrder_validId" time="1.102"/>
  <testcase classname="api.test.StoreTests" name="testGetOrder_InvalidId" time="1.111"/>
  <testcase classname="api.test.UserTests" name="testAddUser" time="1.118"/>
  <testcase classname="api.test.UserTests" name="testGetUser_validUsername" time="2.228"/>
  <testcase classname="api.test.UserTests" name="testUpdateUser" time="2.244"/>
  <testcase classname="api.test.UserTests" name="testDeleteUser" time="2.194"/>
</testsuite> <!-- Test -->
