<?xml version="1.0" encoding="UTF-8"?>
<!-- Generated by org.testng.reporters.JUnitXMLReporter -->
<testsuite ignored="0" hostname="DESKTOP-L4RAUT4" failures="0" tests="6" name="Default test" time="12.907" errors="0" timestamp="2024-12-20T23:25:27 IST">
  <testcase classname="api.test.PetTests" name="testAddNewPet" time="3.471"/>
  <testcase classname="api.test.PetTests" name="testUpdatePet" time="1.132"/>
  <testcase classname="api.test.PetTests" name="testDeletePet" time="1.136"/>
  <testcase classname="api.test.PetTests" name="testUpdatePetByForm" time="4.479"/>
  <testcase classname="api.test.PetTests" name="testGetExistingPet_validId" time="1.123"/>
  <testcase classname="api.test.PetTests" name="testGetExistingPet_InvalidId" time="1.108"/>
</testsuite> <!-- Default test -->
